<?xml version="1.0" encoding="UTF-8"?>
<testsuite xmlns:xsi="http://www.w3.org/2001/XMLSchema-instance" xsi:noNamespaceSchemaLocation="https://maven.apache.org/surefire/maven-surefire-plugin/xsd/surefire-test-report-3.0.xsd" version="3.0" name="br.com.NinjaVortex.NinjaVortexApplicationTests" time="0.008" tests="1" errors="0" skipped="0" failures="0">
  <properties>
[...]
</properties>
  <testcase name="contextLoads" classname="br.com.NinjaVortex.NinjaVortexApplicationTests" time="0.001">
    <system-out><![CDATA[20:42:50.712 [main]  INFO o.s.t.c.s.AnnotationConfigContextLoaderUtils - Could not detect default configuration classes for test class [br.com.NinjaVortex.NinjaVortexApplicationTests]: NinjaVortexApplicationTests does not declare any static, non-private, non-final, nested classes annotated with @Configuration.
20:42:50.713 [main]  INFO o.s.b.t.c.SpringBootTestContextBootstrapper - Found @SpringBootConfiguration br.com.NinjaVortex.NinjaVortexApplication for test class br.com.NinjaVortex.NinjaVortexApplicationTests
]]></system-out>
  </testcase>
</testsuite>